c:\c_intermediate\ide_practice\3_example\debug\vc142.pdb
c:\c_intermediate\ide_practice\3_example\debug\vc142.idb
c:\c_intermediate\ide_practice\3_example\debug\3_example.obj
c:\c_intermediate\ide_practice\3_example\debug\4_example.obj
c:\c_intermediate\ide_practice\debug\3_example.pdb
c:\c_intermediate\ide_practice\3_example\debug\3_example.tlog\cl.command.1.tlog
c:\c_intermediate\ide_practice\3_example\debug\3_example.tlog\cl.read.1.tlog
c:\c_intermediate\ide_practice\3_example\debug\3_example.tlog\cl.write.1.tlog
c:\c_intermediate\ide_practice\3_example\debug\3_example.tlog\link-cvtres.read.1.tlog
c:\c_intermediate\ide_practice\3_example\debug\3_example.tlog\link-cvtres.write.1.tlog
c:\c_intermediate\ide_practice\3_example\debug\3_example.tlog\link-rc.read.1.tlog
c:\c_intermediate\ide_practice\3_example\debug\3_example.tlog\link-rc.write.1.tlog
c:\c_intermediate\ide_practice\3_example\debug\3_example.tlog\link.5124-cvtres.read.1.tlog
c:\c_intermediate\ide_practice\3_example\debug\3_example.tlog\link.5124-cvtres.write.1.tlog
c:\c_intermediate\ide_practice\3_example\debug\3_example.tlog\link.5124-rc.read.1.tlog
c:\c_intermediate\ide_practice\3_example\debug\3_example.tlog\link.5124-rc.write.1.tlog
c:\c_intermediate\ide_practice\3_example\debug\3_example.tlog\link.5124.read.1.tlog
c:\c_intermediate\ide_practice\3_example\debug\3_example.tlog\link.5124.write.1.tlog
c:\c_intermediate\ide_practice\3_example\debug\3_example.tlog\link.command.1.tlog
c:\c_intermediate\ide_practice\3_example\debug\3_example.tlog\link.read.1.tlog
c:\c_intermediate\ide_practice\3_example\debug\3_example.tlog\link.write.1.tlog
